<?xml version="1.0" encoding="UTF-8"?>
<!-- Generated by org.testng.reporters.JUnitReportReporter -->
<testsuite hostname="miracle65" name="com.example.msb.editProjectandSubProject" tests="1" failures="0" timestamp="15 Mar 2016 09:00:36 GMT" time="22.480" errors="0">
  <testcase name="testEditProjectandSubProject" time="22.480" classname="com.example.msb.editProjectandSubProject"/>
</testsuite> <!-- com.example.msb.editProjectandSubProject -->
