<?xml version="1.0" encoding="UTF-8"?>
<!-- Generated by org.testng.reporters.JUnitReportReporter -->
<testsuite hostname="miracle65" name="com.msb.utilities.ContactUpload" tests="1" failures="0" timestamp="22 Mar 2016 17:13:42 GMT" time="84.956" errors="0">
  <testcase name="testContactUpload" time="84.956" classname="com.msb.utilities.ContactUpload"/>
</testsuite> <!-- com.msb.utilities.ContactUpload -->
