<?xml version="1.0" encoding="UTF-8"?>
<!-- Generated by org.testng.reporters.JUnitReportReporter -->
<testsuite hostname="miracle65" name="com.msb.account.AddAccount" tests="1" failures="0" timestamp="22 Mar 2016 17:13:42 GMT" time="22.500" errors="0">
  <testcase name="testAddAccount" time="22.500" classname="com.msb.account.AddAccount"/>
</testsuite> <!-- com.msb.account.AddAccount -->
