<?xml version="1.0" encoding="UTF-8"?>
<!-- Generated by org.testng.reporters.JUnitReportReporter -->
<testsuite hostname="miracle65" name="com.example.msb.siteAdminLogin" tests="1" failures="0" timestamp="15 Mar 2016 11:00:20 GMT" time="8.676" errors="0">
  <testcase name="testSiteAdminLogin" time="8.676" classname="com.example.msb.siteAdminLogin"/>
</testsuite> <!-- com.example.msb.siteAdminLogin -->
