<?xml version="1.0" encoding="UTF-8"?>
<!-- Generated by org.testng.reporters.JUnitReportReporter -->
<testsuite hostname="miracle65" name="com.msb.account.CSRSearch" tests="1" failures="0" timestamp="22 Mar 2016 17:13:42 GMT" time="22.453" errors="0">
  <testcase name="testCSRSearch1" time="22.453" classname="com.msb.account.CSRSearch"/>
</testsuite> <!-- com.msb.account.CSRSearch -->
