<?xml version="1.0" encoding="UTF-8"?>
<!-- Generated by org.testng.reporters.JUnitReportReporter -->
<testsuite hostname="miracle65" name="com.msb.utilities.ActionAuthorization1" tests="1" failures="0" timestamp="17 Mar 2016 14:13:31 GMT" time="40.270" errors="0">
  <testcase name="testActionAuthorization1" time="40.270" classname="com.msb.utilities.ActionAuthorization1"/>
</testsuite> <!-- com.msb.utilities.ActionAuthorization1 -->
