<?xml version="1.0" encoding="UTF-8"?>
<!-- Generated by org.testng.reporters.JUnitReportReporter -->
<testsuite hostname="miracle65" name="com.msb.util.Login1" tests="1" failures="0" timestamp="19 Apr 2016 13:14:00 GMT" time="106.095" errors="0">
  <testcase name="MSBLoginPage" time="106.095" classname="com.msb.util.Login1"/>
</testsuite> <!-- com.msb.util.Login1 -->
