<?xml version="1.0" encoding="UTF-8"?>
<!-- Generated by org.testng.reporters.JUnitReportReporter -->
<testsuite hostname="miracle65" name="com.msb.login.AllLogin" tests="1" failures="0" timestamp="28 Mar 2016 17:12:31 GMT" time="78.543" errors="0">
  <testcase name="MSBLoginPage" time="78.543" classname="com.msb.login.AllLogin"/>
</testsuite> <!-- com.msb.login.AllLogin -->
