<?xml version="1.0" encoding="UTF-8"?>
<!-- Generated by org.testng.reporters.JUnitReportReporter -->
<testsuite hostname="miracle65" name="com.msb.utilities.AccountUpload" tests="1" failures="0" timestamp="22 Mar 2016 17:13:42 GMT" time="68.460" errors="0">
  <testcase name="testAccountUpload" time="68.460" classname="com.msb.utilities.AccountUpload"/>
</testsuite> <!-- com.msb.utilities.AccountUpload -->
