<?xml version="1.0" encoding="UTF-8"?>
<!-- Generated by org.testng.reporters.JUnitReportReporter -->
<testsuite hostname="miracle65" name="com.example.msb.Login2" tests="1" failures="0" timestamp="15 Mar 2016 09:00:36 GMT" time="62.867" errors="0">
  <testcase name="MSBLoginPage" time="62.867" classname="com.example.msb.Login2"/>
</testsuite> <!-- com.example.msb.Login2 -->
