<?xml version="1.0" encoding="UTF-8"?>
<!-- Generated by org.testng.reporters.JUnitReportReporter -->
<testsuite hostname="miracle65" name="com.msb.utilities.TechReview" tests="1" failures="0" timestamp="24 Mar 2016 15:05:27 GMT" time="48.713" errors="0">
  <testcase name="testTechReview" time="48.713" classname="com.msb.utilities.TechReview"/>
</testsuite> <!-- com.msb.utilities.TechReview -->
