<?xml version="1.0" encoding="UTF-8"?>
<!-- Generated by org.testng.reporters.JUnitReportReporter -->
<testsuite hostname="miracle65" name="com.msb.account.AccountUpdate" tests="1" failures="0" timestamp="23 Mar 2016 10:18:53 GMT" time="24.898" errors="0">
  <testcase name="testAccountUpdate" time="24.898" classname="com.msb.account.AccountUpdate"/>
</testsuite> <!-- com.msb.account.AccountUpdate -->
