<?xml version="1.0" encoding="UTF-8"?>
<!-- Generated by org.testng.reporters.JUnitReportReporter -->
<testsuite hostname="miracle65" name="com.example.msb.EmployeeRole2" tests="1" failures="0" timestamp="15 Mar 2016 09:00:36 GMT" time="11.879" errors="0">
  <testcase name="EmployeeRole" time="11.879" classname="com.example.msb.EmployeeRole2"/>
</testsuite> <!-- com.example.msb.EmployeeRole2 -->
