<?xml version="1.0" encoding="UTF-8"?>
<!-- Generated by org.testng.reporters.JUnitReportReporter -->
<testsuite hostname="miracle65" name="com.msb.utilities.AddRequirement" tests="1" failures="0" timestamp="29 Mar 2016 16:29:22 GMT" time="36.512" errors="0">
  <testcase name="testAddRequirement" time="36.512" classname="com.msb.utilities.AddRequirement"/>
</testsuite> <!-- com.msb.utilities.AddRequirement -->
