<?xml version="1.0" encoding="UTF-8"?>
<!-- Generated by org.testng.reporters.JUnitReportReporter -->
<testsuite hostname="miracle65" name="com.msb.login.Director" tests="1" failures="0" timestamp="22 Mar 2016 17:13:42 GMT" time="12.898" errors="0">
  <testcase name="testSiteAdminLogin" time="12.898" classname="com.msb.login.Director"/>
</testsuite> <!-- com.msb.login.Director -->
