<?xml version="1.0" encoding="UTF-8"?>
<!-- Generated by org.testng.reporters.JUnitReportReporter -->
<testsuite hostname="miracle65" name="com.example.msb.Login1" tests="1" failures="0" timestamp="17 Mar 2016 17:28:40 GMT" time="46.683" errors="0">
  <testcase name="MSBLoginPage" time="46.683" classname="com.example.msb.Login1"/>
</testsuite> <!-- com.example.msb.Login1 -->
