<?xml version="1.0" encoding="UTF-8"?>
<!-- Generated by org.testng.reporters.JUnitReportReporter -->
<testsuite hostname="miracle65" name="com.msb.account.ContactDetails" tests="1" failures="0" timestamp="24 Mar 2016 11:22:17 GMT" time="42.844" errors="0">
  <testcase name="testContactDetails2" time="42.844" classname="com.msb.account.ContactDetails"/>
</testsuite> <!-- com.msb.account.ContactDetails -->
