<?xml version="1.0" encoding="UTF-8"?>
<!-- Generated by org.testng.reporters.JUnitReportReporter -->
<testsuite hostname="miracle65" name="com.msb.account.AttachmentDetails" tests="1" failures="0" timestamp="23 Mar 2016 14:22:00 GMT" time="40.569" errors="0">
  <testcase name="testAttachmentDetails" time="40.569" classname="com.msb.account.AttachmentDetails"/>
</testsuite> <!-- com.msb.account.AttachmentDetails -->
