<?xml version="1.0" encoding="UTF-8"?>
<!-- Generated by org.testng.reporters.JUnitReportReporter -->
<testsuite hostname="miracle65" name="com.example.msb.loginSuccess" tests="1" failures="0" timestamp="15 Mar 2016 09:00:36 GMT" time="12.840" errors="0">
  <testcase name="testMsbLoginSuccess" time="12.840" classname="com.example.msb.loginSuccess"/>
</testsuite> <!-- com.example.msb.loginSuccess -->
