<?xml version="1.0" encoding="UTF-8"?>
<!-- Generated by org.testng.reporters.JUnitReportReporter -->
<testsuite hostname="miracle65" name="com.example.msb.directorLogin" tests="1" failures="0" timestamp="15 Mar 2016 11:11:38 GMT" time="7.274" errors="0">
  <testcase name="testSiteAdminLogin" time="7.274" classname="com.example.msb.directorLogin"/>
</testsuite> <!-- com.example.msb.directorLogin -->
