<?xml version="1.0" encoding="UTF-8"?>
<!-- Generated by org.testng.reporters.JUnitReportReporter -->
<testsuite hostname="miracle65" name="com.msb.utilities.CsrSearchTest" tests="1" failures="0" timestamp="30 Mar 2016 16:55:42 GMT" time="109.686" errors="0">
  <testcase name="testCsrSearch" time="109.686" classname="com.msb.utilities.CsrSearchTest"/>
</testsuite> <!-- com.msb.utilities.CsrSearchTest -->
