<?xml version="1.0" encoding="UTF-8"?>
<!-- Generated by org.testng.reporters.JUnitReportReporter -->
<testsuite hostname="miracle65" name="com.example.msb.accountUpdate" tests="1" failures="0" timestamp="15 Mar 2016 09:00:36 GMT" time="10.959" errors="0">
  <testcase name="testAccountUpdate" time="10.959" classname="com.example.msb.accountUpdate"/>
</testsuite> <!-- com.example.msb.accountUpdate -->
