<?xml version="1.0" encoding="UTF-8"?>
<!-- Generated by org.testng.reporters.JUnitReportReporter -->
<testsuite hostname="miracle65" name="com.msb.utilities.MSBAddConsultant" tests="1" failures="0" timestamp="1 Apr 2016 10:43:40 GMT" time="39.746" errors="0">
  <testcase name="testMSBAddConsultant" time="39.746" classname="com.msb.utilities.MSBAddConsultant"/>
</testsuite> <!-- com.msb.utilities.MSBAddConsultant -->
