<?xml version="1.0" encoding="UTF-8"?>
<!-- Generated by org.testng.reporters.JUnitReportReporter -->
<testsuite hostname="miracle65" name="com.example.msb.customerAdminLogin" tests="1" failures="0" timestamp="15 Mar 2016 11:08:27 GMT" time="5.543" errors="0">
  <testcase name="testSiteAdminLogin" time="5.543" classname="com.example.msb.customerAdminLogin"/>
</testsuite> <!-- com.example.msb.customerAdminLogin -->
