<?xml version="1.0" encoding="UTF-8"?>
<!-- Generated by org.testng.reporters.JUnitReportReporter -->
<testsuite hostname="miracle65" name="com.msb.home.TaskDetails" tests="1" failures="0" timestamp="23 Mar 2016 15:37:46 GMT" time="68.330" errors="0">
  <testcase name="testTaskDetails" time="68.330" classname="com.msb.home.TaskDetails"/>
</testsuite> <!-- com.msb.home.TaskDetails -->
