<?xml version="1.0" encoding="UTF-8"?>
<!-- Generated by org.testng.reporters.JUnitReportReporter -->
<testsuite hostname="miracle65" name="com.msb.utilities.Requirement" tests="1" failures="0" timestamp="29 Mar 2016 16:12:32 GMT" time="35.551" errors="0">
  <testcase name="testSearchRequirement" time="35.551" classname="com.msb.utilities.Requirement"/>
</testsuite> <!-- com.msb.utilities.Requirement -->
