<?xml version="1.0" encoding="UTF-8"?>
<!-- Generated by org.testng.reporters.JUnitReportReporter -->
<testsuite hostname="miracle65" name="com.msb.utilities.ChangeMyPassword" tests="1" failures="0" timestamp="22 Mar 2016 17:13:42 GMT" time="44.817" errors="0">
  <testcase name="testChangeMyPassword2" time="44.817" classname="com.msb.utilities.ChangeMyPassword"/>
</testsuite> <!-- com.msb.utilities.ChangeMyPassword -->
