<?xml version="1.0" encoding="UTF-8"?>
<!-- Generated by org.testng.reporters.JUnitReportReporter -->
<testsuite hostname="miracle65" name="com.msb.login.CSR" tests="1" failures="0" timestamp="29 Mar 2016 10:48:32 GMT" time="38.668" errors="0">
  <testcase name="testSiteAdminLogin" time="38.668" classname="com.msb.login.CSR"/>
</testsuite> <!-- com.msb.login.CSR -->
