<?xml version="1.0" encoding="UTF-8"?>
<!-- Generated by org.testng.reporters.JUnitReportReporter -->
<testsuite hostname="miracle65" name="com.msb.login.CustomerAdmin" tests="1" failures="0" timestamp="22 Mar 2016 17:13:42 GMT" time="35.044" errors="0">
  <testcase name="testSiteAdminLogin" time="35.044" classname="com.msb.login.CustomerAdmin"/>
</testsuite> <!-- com.msb.login.CustomerAdmin -->
