<?xml version="1.0" encoding="UTF-8"?>
<!-- Generated by org.testng.reporters.JUnitReportReporter -->
<testsuite hostname="miracle65" name="com.msb.account.AccountSearch" tests="1" failures="0" timestamp="22 Mar 2016 17:13:42 GMT" time="44.824" errors="0">
  <testcase name="testAccountSearch" time="44.824" classname="com.msb.account.AccountSearch"/>
</testsuite> <!-- com.msb.account.AccountSearch -->
