<?xml version="1.0" encoding="UTF-8"?>
<!-- Generated by org.testng.reporters.JUnitReportReporter -->
<testsuite hostname="miracle65" name="com.example.msb.projectManagerLogin" tests="1" failures="0" timestamp="15 Mar 2016 11:17:08 GMT" time="6.735" errors="0">
  <testcase name="testSiteAdminLogin" time="6.735" classname="com.example.msb.projectManagerLogin"/>
</testsuite> <!-- com.example.msb.projectManagerLogin -->
