<?xml version="1.0" encoding="UTF-8"?>
<!-- Generated by org.testng.reporters.JUnitReportReporter -->
<testsuite hostname="miracle65" name="com.msb.utilities.SearchRequirement" tests="1" failures="0" timestamp="29 Mar 2016 17:15:27 GMT" time="29.404" errors="0">
  <testcase name="testSearchRequirement" time="29.404" classname="com.msb.utilities.SearchRequirement"/>
</testsuite> <!-- com.msb.utilities.SearchRequirement -->
