<?xml version="1.0" encoding="UTF-8"?>
<!-- Generated by org.testng.reporters.JUnitReportReporter -->
<testsuite hostname="miracle65" name="com.msb.utilities.ResetUserPassword" tests="1" failures="0" timestamp="22 Mar 2016 17:13:42 GMT" time="19.741" errors="0">
  <testcase name="testResetUserPassword1" time="19.741" classname="com.msb.utilities.ResetUserPassword"/>
</testsuite> <!-- com.msb.utilities.ResetUserPassword -->
