<?xml version="1.0" encoding="UTF-8"?>
<!-- Generated by org.testng.reporters.JUnitReportReporter -->
<testsuite hostname="miracle65" name="com.example.msb.loginFailure" tests="1" failures="0" timestamp="15 Mar 2016 09:00:36 GMT" time="5.111" errors="0">
  <testcase name="testMsbLoginFailure" time="5.111" classname="com.example.msb.loginFailure"/>
</testsuite> <!-- com.example.msb.loginFailure -->
