<?xml version="1.0" encoding="UTF-8"?>
<!-- Generated by org.testng.reporters.JUnitReportReporter -->
<testsuite hostname="miracle65" name="com.msb.utilities.CostCenter" tests="1" failures="0" timestamp="23 Mar 2016 16:41:30 GMT" time="86.283" errors="0">
  <testcase name="testCostCenter" time="86.283" classname="com.msb.utilities.CostCenter"/>
</testsuite> <!-- com.msb.utilities.CostCenter -->
