<?xml version="1.0" encoding="UTF-8"?>
<!-- Generated by org.testng.reporters.JUnitReportReporter -->
<testsuite hostname="miracle65" name="com.msb.dashboard.RequirementDashboard" tests="1" failures="0" timestamp="22 Mar 2016 17:13:42 GMT" time="50.235" errors="0">
  <testcase name="testRequirementDashboard" time="50.235" classname="com.msb.dashboard.RequirementDashboard"/>
</testsuite> <!-- com.msb.dashboard.RequirementDashboard -->
