<?xml version="1.0" encoding="UTF-8"?>
<!-- Generated by org.testng.reporters.JUnitReportReporter -->
<testsuite hostname="miracle65" name="com.example.msb.vendorAdminLogin" tests="1" failures="0" timestamp="15 Mar 2016 11:22:05 GMT" time="16.102" errors="0">
  <testcase name="testSiteAdminLogin" time="16.102" classname="com.example.msb.vendorAdminLogin"/>
</testsuite> <!-- com.example.msb.vendorAdminLogin -->
