<?xml version="1.0" encoding="UTF-8"?>
<!-- Generated by org.testng.reporters.JUnitReportReporter -->
<testsuite hostname="miracle65" name="com.msb.login.ProjectManager" tests="1" failures="0" timestamp="22 Mar 2016 17:13:42 GMT" time="14.899" errors="0">
  <testcase name="testSiteAdminLogin" time="14.899" classname="com.msb.login.ProjectManager"/>
</testsuite> <!-- com.msb.login.ProjectManager -->
