<?xml version="1.0" encoding="UTF-8"?>
<!-- Generated by org.testng.reporters.JUnitReportReporter -->
<testsuite hostname="miracle65" name="com.msb.account.LoggerSearch" tests="1" failures="0" timestamp="22 Mar 2016 17:13:42 GMT" time="20.330" errors="0">
  <testcase name="testLoggerSearch" time="20.330" classname="com.msb.account.LoggerSearch"/>
</testsuite> <!-- com.msb.account.LoggerSearch -->
