<?xml version="1.0" encoding="UTF-8"?>
<!-- Generated by org.testng.reporters.JUnitReportReporter -->
<testsuite hostname="miracle65" name="com.msb.login.CustomerEmployee" tests="1" failures="0" timestamp="22 Mar 2016 17:13:42 GMT" time="29.543" errors="0">
  <testcase name="testSiteAdminLogin" time="29.543" classname="com.msb.login.CustomerEmployee"/>
</testsuite> <!-- com.msb.login.CustomerEmployee -->
