<?xml version="1.0" encoding="UTF-8"?>
<!-- Generated by org.testng.reporters.JUnitReportReporter -->
<testsuite hostname="miracle65" name="com.msb.login.AdminLogin" tests="1" failures="0" timestamp="29 Mar 2016 17:50:06 GMT" time="11.856" errors="0">
  <testcase name="testSiteAdminLogin" time="11.856" classname="com.msb.login.AdminLogin"/>
</testsuite> <!-- com.msb.login.AdminLogin -->
