<?xml version="1.0" encoding="UTF-8"?>
<!-- Generated by org.testng.reporters.JUnitReportReporter -->
<testsuite hostname="miracle65" name="com.msb.utilities.EmployeeGrouping2" tests="1" failures="0" timestamp="24 Mar 2016 13:30:37 GMT" time="28.776" errors="0">
  <testcase name="testEmployeeGrouping2" time="28.776" classname="com.msb.utilities.EmployeeGrouping2"/>
</testsuite> <!-- com.msb.utilities.EmployeeGrouping2 -->
