<?xml version="1.0" encoding="UTF-8"?>
<!-- Generated by org.testng.reporters.JUnitReportReporter -->
<testsuite hostname="miracle65" name="com.msb.utilities.Question" tests="1" failures="0" timestamp="24 Mar 2016 12:12:29 GMT" time="66.686" errors="0">
  <testcase name="testQuestion" time="66.686" classname="com.msb.utilities.Question"/>
</testsuite> <!-- com.msb.utilities.Question -->
