<?xml version="1.0" encoding="UTF-8"?>
<!-- Generated by org.testng.reporters.JUnitReportReporter -->
<testsuite hostname="miracle65" name="com.example.msb.csrLogin" tests="1" failures="0" timestamp="15 Mar 2016 11:00:41 GMT" time="8.226" errors="0">
  <testcase name="testSiteAdminLogin" time="8.226" classname="com.example.msb.csrLogin"/>
</testsuite> <!-- com.example.msb.csrLogin -->
