<?xml version="1.0" encoding="UTF-8"?>
<!-- Generated by org.testng.reporters.JUnitReportReporter -->
<testsuite hostname="miracle65" name="com.msb.utilities.UploadQuestion" tests="1" failures="0" timestamp="24 Mar 2016 13:06:17 GMT" time="26.593" errors="0">
  <testcase name="testUploadQuestion" time="26.593" classname="com.msb.utilities.UploadQuestion"/>
</testsuite> <!-- com.msb.utilities.UploadQuestion -->
